info: ::1 - - [22/Nov/2024:11:17:11 +0000] "POST /api/v1/admins/createAdmin HTTP/1.1" 404 47 "-" "PostmanRuntime/7.42.0"

info: ::1 - - [22/Nov/2024:11:17:53 +0000] "POST /api/v1/admins/createAdmin HTTP/1.1" 404 47 "-" "PostmanRuntime/7.42.0"

info: ::1 - - [22/Nov/2024:11:24:53 +0000] "POST /api/v1/admins/createAdmin HTTP/1.1" 201 267 "-" "PostmanRuntime/7.42.0"

info: ::1 - - [22/Nov/2024:11:27:43 +0000] "POST /api/v1/admins/createAdmin HTTP/1.1" 500 51 "-" "PostmanRuntime/7.42.0"

info: ::1 - - [22/Nov/2024:11:35:33 +0000] "POST /api/v1/admins/createAdmin HTTP/1.1" 500 51 "-" "PostmanRuntime/7.42.0"

info: ::1 - - [22/Nov/2024:11:38:36 +0000] "POST /api/v1/admins/createAdmin HTTP/1.1" 500 51 "-" "PostmanRuntime/7.42.0"

info: ::1 - - [22/Nov/2024:11:47:18 +0000] "POST /api/v1/admins/createAdmin HTTP/1.1" 500 51 "-" "PostmanRuntime/7.42.0"

info: ::1 - - [22/Nov/2024:11:57:16 +0000] "POST /api/v1/admins/createAdmin HTTP/1.1" 500 88 "-" "PostmanRuntime/7.42.0"

info: ::1 - - [22/Nov/2024:11:59:02 +0000] "POST /api/v1/admins/createAdmin HTTP/1.1" 201 282 "-" "PostmanRuntime/7.42.0"

info: ::1 - - [22/Nov/2024:12:08:05 +0000] "GET /api/v1/admins/getAllAdmin HTTP/1.1" 400 56 "-" "PostmanRuntime/7.42.0"

info: ::1 - - [22/Nov/2024:12:09:23 +0000] "GET /api/v1/admins/getAllAdmin HTTP/1.1" 400 56 "-" "PostmanRuntime/7.42.0"

info: ::1 - - [22/Nov/2024:12:09:52 +0000] "GET /api/v1/admins/getAllAdmin HTTP/1.1" 200 289 "-" "PostmanRuntime/7.42.0"

info: ::1 - - [22/Nov/2024:12:19:49 +0000] "GET /api/v1/admins/getAdmin/1 HTTP/1.1" 400 56 "-" "PostmanRuntime/7.42.0"

info: ::1 - - [22/Nov/2024:12:20:15 +0000] "GET /api/v1/admins/getAdmin/1 HTTP/1.1" 200 282 "-" "PostmanRuntime/7.42.0"

info: ::1 - - [22/Nov/2024:12:24:11 +0000] "POST /api/v1/admins/updateAdmin HTTP/1.1" 404 47 "-" "PostmanRuntime/7.42.0"

info: ::1 - - [22/Nov/2024:12:24:11 +0000] "POST /api/v1/admins/updateAdmin HTTP/1.1" 404 47 "-" "PostmanRuntime/7.42.0"

info: ::1 - - [22/Nov/2024:12:24:11 +0000] "POST /api/v1/admins/updateAdmin HTTP/1.1" 404 47 "-" "PostmanRuntime/7.42.0"

info: ::1 - - [22/Nov/2024:12:24:11 +0000] "POST /api/v1/admins/updateAdmin HTTP/1.1" 404 47 "-" "PostmanRuntime/7.42.0"

info: ::1 - - [22/Nov/2024:12:24:15 +0000] "POST /api/v1/admins/updateAdmin/1 HTTP/1.1" 404 47 "-" "PostmanRuntime/7.42.0"

info: ::1 - - [22/Nov/2024:12:24:15 +0000] "POST /api/v1/admins/updateAdmin/1 HTTP/1.1" 404 47 "-" "PostmanRuntime/7.42.0"

info: ::1 - - [22/Nov/2024:12:24:15 +0000] "POST /api/v1/admins/updateAdmin/1 HTTP/1.1" 404 47 "-" "PostmanRuntime/7.42.0"

info: ::1 - - [22/Nov/2024:12:24:15 +0000] "POST /api/v1/admins/updateAdmin/1 HTTP/1.1" 404 47 "-" "PostmanRuntime/7.42.0"

info: ::1 - - [22/Nov/2024:12:24:15 +0000] "POST /api/v1/admins/updateAdmin/1 HTTP/1.1" 404 47 "-" "PostmanRuntime/7.42.0"

info: ::1 - - [22/Nov/2024:12:24:15 +0000] "POST /api/v1/admins/updateAdmin/1 HTTP/1.1" 404 47 "-" "PostmanRuntime/7.42.0"

info: ::1 - - [22/Nov/2024:12:25:15 +0000] "PUT /api/v1/admins/updateAdmin/1 HTTP/1.1" 404 47 "-" "PostmanRuntime/7.42.0"

info: ::1 - - [22/Nov/2024:12:25:55 +0000] "PUT /api/v1/admins/updateAdmin/1 HTTP/1.1" 202 184 "-" "PostmanRuntime/7.42.0"

info: ::1 - - [22/Nov/2024:12:26:56 +0000] "PUT /api/v1/admins/updateAdmin/1 HTTP/1.1" 202 184 "-" "PostmanRuntime/7.42.0"

info: ::1 - - [22/Nov/2024:12:27:41 +0000] "PUT /api/v1/admins/updateAdmin/1 HTTP/1.1" 202 184 "-" "PostmanRuntime/7.42.0"

info: ::1 - - [22/Nov/2024:12:28:28 +0000] "PUT /api/v1/admins/updateAdmin/1 HTTP/1.1" 202 62 "-" "PostmanRuntime/7.42.0"

info: ::1 - - [22/Nov/2024:12:35:09 +0000] "POST /api/v1/admins/createAdmin HTTP/1.1" 201 282 "-" "PostmanRuntime/7.42.0"

info: ::1 - - [22/Nov/2024:12:36:33 +0000] "GET /api/v1/admins/deleteAdmin/1 HTTP/1.1" 404 47 "-" "PostmanRuntime/7.42.0"

info: ::1 - - [22/Nov/2024:12:36:37 +0000] "DELETE /api/v1/admins/deleteAdmin/1 HTTP/1.1" 200 61 "-" "PostmanRuntime/7.42.0"

info: ::1 - - [22/Nov/2024:12:37:37 +0000] "DELETE /api/v1/admins/deleteAdmin/1 HTTP/1.1" 200 61 "-" "PostmanRuntime/7.42.0"

info: ::1 - - [22/Nov/2024:12:37:40 +0000] "DELETE /api/v1/admins/deleteAdmin/1 HTTP/1.1" 200 61 "-" "PostmanRuntime/7.42.0"

